<?xml version="1.0" encoding="UTF-8"?>
<testsuite name="com.shanto.stockservice.StockServiceApplicationTests" tests="1" skipped="0" failures="0" errors="0" timestamp="2023-08-14T04:30:42" hostname="SM-SHANTO" time="1.429">
  <properties/>
  <testcase name="contextLoads()" classname="com.shanto.stockservice.StockServiceApplicationTests" time="1.429"/>
  <system-out><![CDATA[
  .   ____          _            __ _ _
 /\\ / ___'_ __ _ _(_)_ __  __ _ \ \ \ \
( ( )\___ | '_ | '_| | '_ \/ _` | \ \ \ \
 \\/  ___)| |_)| | | | | || (_| |  ) ) ) )
  '  |____| .__|_| |_|_| |_\__, | / / / /
 =========|_|==============|___/=/_/_/_/
 :: Spring Boot ::                (v3.1.2)

2023-08-14T10:30:42.079+06:00  INFO 17896 --- [    Test worker] c.s.s.StockServiceApplicationTests       : Starting StockServiceApplicationTests using Java 17.0.8 with PID 17896 (started by sm.shanto in C:\Users\sm.shanto\Desktop\event driven mircoservice using kafka\stock-service)
2023-08-14T10:30:42.084+06:00  INFO 17896 --- [    Test worker] c.s.s.StockServiceApplicationTests       : No active profile set, falling back to 1 default profile: "default"
2023-08-14T10:30:42.414+06:00  INFO 17896 --- [    Test worker] c.s.s.StockServiceApplicationTests       : Started StockServiceApplicationTests in 0.735 seconds (process running for 3.018)
]]></system-out>
  <system-err><![CDATA[]]></system-err>
</testsuite>
