<?xml version="1.0" encoding="UTF-8"?>
<testsuite name="com.shanto.basedomains.BaseDomainsApplicationTests" tests="1" skipped="0" failures="0" errors="0" timestamp="2023-08-14T04:30:11" hostname="SM-SHANTO" time="1.474">
  <properties/>
  <testcase name="contextLoads()" classname="com.shanto.basedomains.BaseDomainsApplicationTests" time="1.474"/>
  <system-out><![CDATA[10:30:08.786 [Test worker] INFO org.springframework.test.context.support.AnnotationConfigContextLoaderUtils -- Could not detect default configuration classes for test class [com.shanto.basedomains.BaseDomainsApplicationTests]: BaseDomainsApplicationTests does not declare any static, non-private, non-final, nested classes annotated with @Configuration.
10:30:08.934 [Test worker] INFO org.springframework.boot.test.context.SpringBootTestContextBootstrapper -- Found @SpringBootConfiguration com.shanto.basedomains.BaseDomainsApplication for test class com.shanto.basedomains.BaseDomainsApplicationTests

  .   ____          _            __ _ _
 /\\ / ___'_ __ _ _(_)_ __  __ _ \ \ \ \
( ( )\___ | '_ | '_| | '_ \/ _` | \ \ \ \
 \\/  ___)| |_)| | | | | || (_| |  ) ) ) )
  '  |____| .__|_| |_|_| |_\__, | / / / /
 =========|_|==============|___/=/_/_/_/
 :: Spring Boot ::                (v3.1.2)

2023-08-14T10:30:09.656+06:00  INFO 21528 --- [    Test worker] c.s.b.BaseDomainsApplicationTests        : Starting BaseDomainsApplicationTests using Java 17.0.8 with PID 21528 (started by sm.shanto in C:\Users\sm.shanto\Desktop\event driven mircoservice using kafka\base-domains)
2023-08-14T10:30:09.659+06:00  INFO 21528 --- [    Test worker] c.s.b.BaseDomainsApplicationTests        : No active profile set, falling back to 1 default profile: "default"
2023-08-14T10:30:11.764+06:00  INFO 21528 --- [    Test worker] c.s.b.BaseDomainsApplicationTests        : Started BaseDomainsApplicationTests in 2.551 seconds (process running for 4.577)
]]></system-out>
  <system-err><![CDATA[]]></system-err>
</testsuite>
