<?xml version="1.0" encoding="UTF-8"?>
<testsuite name="com.shanto.emailservice.EmailServiceApplicationTests" tests="1" skipped="0" failures="0" errors="0" timestamp="2023-08-14T04:30:21" hostname="SM-SHANTO" time="1.52">
  <properties/>
  <testcase name="contextLoads()" classname="com.shanto.emailservice.EmailServiceApplicationTests" time="1.52"/>
  <system-out><![CDATA[
  .   ____          _            __ _ _
 /\\ / ___'_ __ _ _(_)_ __  __ _ \ \ \ \
( ( )\___ | '_ | '_| | '_ \/ _` | \ \ \ \
 \\/  ___)| |_)| | | | | || (_| |  ) ) ) )
  '  |____| .__|_| |_|_| |_\__, | / / / /
 =========|_|==============|___/=/_/_/_/
 :: Spring Boot ::                (v3.1.2)

2023-08-14T10:30:21.353+06:00  INFO 20152 --- [    Test worker] c.s.e.EmailServiceApplicationTests       : Starting EmailServiceApplicationTests using Java 17.0.8 with PID 20152 (started by sm.shanto in C:\Users\sm.shanto\Desktop\event driven mircoservice using kafka\email-service)
2023-08-14T10:30:21.360+06:00  INFO 20152 --- [    Test worker] c.s.e.EmailServiceApplicationTests       : No active profile set, falling back to 1 default profile: "default"
2023-08-14T10:30:21.694+06:00  INFO 20152 --- [    Test worker] c.s.e.EmailServiceApplicationTests       : Started EmailServiceApplicationTests in 0.724 seconds (process running for 3.005)
]]></system-out>
  <system-err><![CDATA[]]></system-err>
</testsuite>
