<?xml version="1.0" encoding="UTF-8"?>
<testsuite name="com.shanto.orderservice.OrderServiceApplicationTests" tests="1" skipped="0" failures="0" errors="0" timestamp="2023-08-14T04:30:31" hostname="SM-SHANTO" time="1.55">
  <properties/>
  <testcase name="contextLoads()" classname="com.shanto.orderservice.OrderServiceApplicationTests" time="1.55"/>
  <system-out><![CDATA[
  .   ____          _            __ _ _
 /\\ / ___'_ __ _ _(_)_ __  __ _ \ \ \ \
( ( )\___ | '_ | '_| | '_ \/ _` | \ \ \ \
 \\/  ___)| |_)| | | | | || (_| |  ) ) ) )
  '  |____| .__|_| |_|_| |_\__, | / / / /
 =========|_|==============|___/=/_/_/_/
 :: Spring Boot ::                (v3.1.2)

2023-08-14T10:30:31.473+06:00  INFO 22496 --- [    Test worker] c.s.o.OrderServiceApplicationTests       : Starting OrderServiceApplicationTests using Java 17.0.8 with PID 22496 (started by sm.shanto in C:\Users\sm.shanto\Desktop\event driven mircoservice using kafka\order-service)
2023-08-14T10:30:31.477+06:00  INFO 22496 --- [    Test worker] c.s.o.OrderServiceApplicationTests       : No active profile set, falling back to 1 default profile: "default"
2023-08-14T10:30:31.798+06:00  INFO 22496 --- [    Test worker] c.s.o.OrderServiceApplicationTests       : Started OrderServiceApplicationTests in 0.74 seconds (process running for 2.958)
]]></system-out>
  <system-err><![CDATA[]]></system-err>
</testsuite>
